Build started 2012/8/15 15:46:53.
     1>Project "D:\Program Files (x86)\OptiTrack\Camera SDK\Samples\SjMode\SegmentMode.vcxproj" on node 2 (build target(s)).
     1>InitializeBuildStatus:
         Creating "Debug\SegmentMode.unsuccessfulbuild" because "AlwaysCreate" was specified.
       ClCompile:
         d:\Program Files (x86)\Microsoft Visual Studio 10.0\VC\bin\CL.exe /c /I"D:\Program Files (x86)\OptiTrack\Camera SDK\\include" /ZI /nologo /W3 /WX- /Od /Oy- /D WIN32 /D _DEBUG /D _WINDOWS /D CAMERALIBRARY_IMPORTS /D _MBCS /Gm /EHsc /RTC1 /MTd /GS /fp:precise /Zc:wchar_t /Zc:forScope /Fo"Debug\\" /Fd"Debug\vc100.pdb" /Gd /TP /analyze- /errorReport:prompt main.cpp
         main.cpp
     1>d:\program files (x86)\optitrack\camera sdk\samples\sjmode\main.cpp(359): warning C4996: 'fopen': This function or variable may be unsafe. Consider using fopen_s instead. To disable deprecation, use _CRT_SECURE_NO_WARNINGS. See online help for details.
                 d:\program files (x86)\microsoft visual studio 10.0\vc\include\stdio.h(234) : 参见“fopen”的声明
     1>d:\program files (x86)\optitrack\camera sdk\samples\sjmode\main.cpp(399): warning C4996: 'fopen': This function or variable may be unsafe. Consider using fopen_s instead. To disable deprecation, use _CRT_SECURE_NO_WARNINGS. See online help for details.
                 d:\program files (x86)\microsoft visual studio 10.0\vc\include\stdio.h(234) : 参见“fopen”的声明
       ManifestResourceCompile:
         All outputs are up-to-date.
       Link:
         d:\Program Files (x86)\Microsoft Visual Studio 10.0\VC\bin\link.exe /ERRORREPORT:PROMPT /OUT:"D:\Program Files (x86)\OptiTrack\Camera SDK\Samples\SjMode\Debug\SegmentMode.exe" /INCREMENTAL /NOLOGO /LIBPATH:"D:\Program Files (x86)\OptiTrack\Camera SDK\\lib" opengl32.lib glu32.lib ws2_32.lib setupapi.lib cameralibrary.lib kernel32.lib user32.lib gdi32.lib winspool.lib comdlg32.lib advapi32.lib shell32.lib ole32.lib oleaut32.lib uuid.lib odbc32.lib odbccp32.lib /MANIFEST /ManifestFile:"Debug\SegmentMode.exe.intermediate.manifest" /MANIFESTUAC:"level='asInvoker' uiAccess='false'" /DEBUG /PDB:"D:\Program Files (x86)\OptiTrack\Camera SDK\Samples\SjMode\Debug\SegmentMode.pdb" /SUBSYSTEM:WINDOWS /TLBID:1 /DYNAMICBASE /NXCOMPAT /IMPLIB:"D:\Program Files (x86)\OptiTrack\Camera SDK\Samples\SjMode\Debug\SegmentMode.lib" /MACHINE:X86 Debug\SegmentMode.exe.embed.manifest.res
         Debug\supportcode.obj
         Debug\main.obj
       Manifest:
         C:\Program Files (x86)\Microsoft SDKs\Windows\v7.0A\bin\mt.exe /nologo /verbose /out:"Debug\SegmentMode.exe.embed.manifest" /manifest Debug\SegmentMode.exe.intermediate.manifest
         All outputs are up-to-date.
       LinkEmbedManifest:
         All outputs are up-to-date.
         SegmentMode.vcxproj -> D:\Program Files (x86)\OptiTrack\Camera SDK\Samples\SjMode\Debug\SegmentMode.exe
       FinalizeBuildStatus:
         Deleting file "Debug\SegmentMode.unsuccessfulbuild".
         Touching "Debug\SegmentMode.lastbuildstate".
     1>Done Building Project "D:\Program Files (x86)\OptiTrack\Camera SDK\Samples\SjMode\SegmentMode.vcxproj" (build target(s)).

Build succeeded.

Time Elapsed 00:00:01.74
